5/8/2025 8:47:39 PM,C:\ASD_DATA\EMIT_BIOCRUST\MOAB_2025\CanyonlandsAirport\Emri20250508a_02cnynlndssun00000.asd,GPGGA,194859.3,3845.03562,N,10945.10339,W,2,19,0.5,1366.9,M,-13.5,M,,*53

5/8/2025 8:48:17 PM,C:\ASD_DATA\EMIT_BIOCRUST\MOAB_2025\CanyonlandsAirport\Emri20250508a_02cnynlndssun00001.asd,GPGGA,194937.1,3845.04944,N,10945.12173,W,2,19,0.5,1370.3,M,-13.5,M,,*54

5/8/2025 8:48:29 PM,C:\ASD_DATA\EMIT_BIOCRUST\MOAB_2025\CanyonlandsAirport\Emri20250508a_02cnynlndssun00002.asd,GPGGA,194949.4,3845.05431,N,10945.12854,W,2,19,0.5,1370.6,M,-13.5,M,,*5F

5/8/2025 8:48:41 PM,C:\ASD_DATA\EMIT_BIOCRUST\MOAB_2025\CanyonlandsAirport\Emri20250508a_02cnynlndssun00003.asd,GPGGA,195001.6,3845.05912,N,10945.13566,W,2,19,0.5,1370.8,M,-13.5,M,,*56

5/8/2025 8:48:53 PM,C:\ASD_DATA\EMIT_BIOCRUST\MOAB_2025\CanyonlandsAirport\Emri20250508a_02cnynlndssun00004.asd,GPGGA,195013.8,3845.06446,N,10945.14277,W,2,19,0.5,1370.7,M,-13.5,M,,*5B

5/8/2025 8:49:06 PM,C:\ASD_DATA\EMIT_BIOCRUST\MOAB_2025\CanyonlandsAirport\Emri20250508a_02cnynlndssun00005.asd,GPGGA,195026.1,3845.06984,N,10945.14982,W,2,19,0.5,1370.8,M,-13.5,M,,*59

5/8/2025 8:49:18 PM,C:\ASD_DATA\EMIT_BIOCRUST\MOAB_2025\CanyonlandsAirport\Emri20250508a_02cnynlndssun00006.asd,GPGGA,195038.3,3845.07498,N,10945.15655,W,2,18,0.6,1371.1,M,-13.5,M,,*5B

5/8/2025 8:49:30 PM,C:\ASD_DATA\EMIT_BIOCRUST\MOAB_2025\CanyonlandsAirport\Emri20250508a_02cnynlndssun00007.asd,GPGGA,195050.4,3845.08030,N,10945.16358,W,2,18,0.6,1371.3,M,-13.5,M,,*52

5/8/2025 8:49:42 PM,C:\ASD_DATA\EMIT_BIOCRUST\MOAB_2025\CanyonlandsAirport\Emri20250508a_02cnynlndssun00008.asd,GPGGA,195102.5,3845.08554,N,10945.17129,W,2,18,0.6,1371.4,M,-13.5,M,,*50

5/8/2025 8:49:54 PM,C:\ASD_DATA\EMIT_BIOCRUST\MOAB_2025\CanyonlandsAirport\Emri20250508a_02cnynlndssun00009.asd,GPGGA,195114.7,3845.09070,N,10945.17877,W,2,18,0.6,1372.4,M,-13.5,M,,*56

5/8/2025 8:50:06 PM,C:\ASD_DATA\EMIT_BIOCRUST\MOAB_2025\CanyonlandsAirport\Emri20250508a_02cnynlndssun00010.asd,GPGGA,195126.8,3845.09221,N,10945.18025,W,2,19,0.5,1372.9,M,-13.5,M,,*51

5/8/2025 8:50:19 PM,C:\ASD_DATA\EMIT_BIOCRUST\MOAB_2025\CanyonlandsAirport\Emri20250508a_02cnynlndssun00011.asd,GPGGA,195139.0,3845.09674,N,10945.17272,W,2,17,0.5,1373.4,M,-13.5,M,,*5E

5/8/2025 8:50:32 PM,C:\ASD_DATA\EMIT_BIOCRUST\MOAB_2025\CanyonlandsAirport\Emri20250508a_02cnynlndssun00012.asd,GPGGA,195152.5,3845.10177,N,10945.16345,W,2,16,0.5,1373.9,M,-13.5,M,,*52

5/8/2025 8:50:45 PM,C:\ASD_DATA\EMIT_BIOCRUST\MOAB_2025\CanyonlandsAirport\Emri20250508a_02cnynlndssun00013.asd,GPGGA,195205.9,3845.10626,N,10945.15444,W,2,16,0.5,1374.1,M,-13.5,M,,*56

5/8/2025 8:50:58 PM,C:\ASD_DATA\EMIT_BIOCRUST\MOAB_2025\CanyonlandsAirport\Emri20250508a_02cnynlndssun00014.asd,GPGGA,195218.1,3845.11008,N,10945.14757,W,2,18,0.5,1374.0,M,-13.5,M,,*56

5/8/2025 8:51:10 PM,C:\ASD_DATA\EMIT_BIOCRUST\MOAB_2025\CanyonlandsAirport\Emri20250508a_02cnynlndssun00015.asd,GPGGA,195230.6,3845.10598,N,10945.14119,W,2,19,0.5,1373.1,M,-13.5,M,,*5D

5/8/2025 8:51:22 PM,C:\ASD_DATA\EMIT_BIOCRUST\MOAB_2025\CanyonlandsAirport\Emri20250508a_02cnynlndssun00016.asd,GPGGA,195242.7,3845.10072,N,10945.13419,W,2,18,0.5,1372.8,M,-13.5,M,,*53

5/8/2025 8:51:34 PM,C:\ASD_DATA\EMIT_BIOCRUST\MOAB_2025\CanyonlandsAirport\Emri20250508a_02cnynlndssun00017.asd,GPGGA,195254.9,3845.09555,N,10945.12744,W,2,20,0.5,1372.3,M,-13.5,M,,*58

5/8/2025 8:51:47 PM,C:\ASD_DATA\EMIT_BIOCRUST\MOAB_2025\CanyonlandsAirport\Emri20250508a_02cnynlndssun00018.asd,GPGGA,195307.0,3845.09036,N,10945.12075,W,2,19,0.5,1372.2,M,-13.5,M,,*58

5/8/2025 8:51:59 PM,C:\ASD_DATA\EMIT_BIOCRUST\MOAB_2025\CanyonlandsAirport\Emri20250508a_02cnynlndssun00019.asd,GPGGA,195319.2,3845.08463,N,10945.11379,W,2,19,0.5,1371.6,M,-13.5,M,,*5B

5/8/2025 8:52:11 PM,C:\ASD_DATA\EMIT_BIOCRUST\MOAB_2025\CanyonlandsAirport\Emri20250508a_02cnynlndssun00020.asd,GPGGA,195331.4,3845.07912,N,10945.10660,W,2,19,0.5,1371.4,M,-13.5,M,,*5D

5/8/2025 8:52:23 PM,C:\ASD_DATA\EMIT_BIOCRUST\MOAB_2025\CanyonlandsAirport\Emri20250508a_02cnynlndssun00021.asd,GPGGA,195343.6,3845.07361,N,10945.09910,W,2,20,0.5,1371.0,M,-13.5,M,,*5A

5/8/2025 8:52:37 PM,C:\ASD_DATA\EMIT_BIOCRUST\MOAB_2025\CanyonlandsAirport\Emri20250508a_02cnynlndssun00022.asd,GPGGA,195357.2,3845.06730,N,10945.09468,W,2,21,0.5,1370.8,M,-13.5,M,,*50

5/8/2025 8:52:49 PM,C:\ASD_DATA\EMIT_BIOCRUST\MOAB_2025\CanyonlandsAirport\Emri20250508a_02cnynlndssun00023.asd,GPGGA,195409.5,3845.05921,N,10945.09734,W,2,21,0.5,1371.0,M,-13.5,M,,*55

5/8/2025 8:53:01 PM,C:\ASD_DATA\EMIT_BIOCRUST\MOAB_2025\CanyonlandsAirport\Emri20250508a_02cnynlndssun00024.asd,GPGGA,195421.8,3845.05093,N,10945.09955,W,2,21,0.5,1371.2,M,-13.5,M,,*59

5/8/2025 8:53:14 PM,C:\ASD_DATA\EMIT_BIOCRUST\MOAB_2025\CanyonlandsAirport\Emri20250508a_02cnynlndssun00025.asd,GPGGA,195434.0,3845.04312,N,10945.10188,W,2,21,0.5,1371.7,M,-13.5,M,,*5B

5/8/2025 8:53:26 PM,C:\ASD_DATA\EMIT_BIOCRUST\MOAB_2025\CanyonlandsAirport\Emri20250508a_02cnynlndssun00026.asd,GPGGA,195446.3,3845.03685,N,10945.10380,W,2,21,0.5,1372.2,M,-13.5,M,,*5D

5/8/2025 8:53:38 PM,C:\ASD_DATA\EMIT_BIOCRUST\MOAB_2025\CanyonlandsAirport\Emri20250508a_02cnynlndssun00027.asd,GPGGA,195458.6,3845.03624,N,10945.10384,W,2,21,0.5,1372.1,M,-13.5,M,,*5B

5/8/2025 8:53:50 PM,C:\ASD_DATA\EMIT_BIOCRUST\MOAB_2025\CanyonlandsAirport\Emri20250508a_02cnynlndssun00028.asd,GPGGA,195511.0,3845.04096,N,10945.10858,W,2,20,0.5,1373.3,M,-13.5,M,,*51

5/8/2025 8:54:03 PM,C:\ASD_DATA\EMIT_BIOCRUST\MOAB_2025\CanyonlandsAirport\Emri20250508a_02cnynlndssun00029.asd,GPGGA,195523.1,3845.04746,N,10945.11364,W,2,20,0.5,1373.7,M,-13.5,M,,*5A

5/8/2025 8:54:15 PM,C:\ASD_DATA\EMIT_BIOCRUST\MOAB_2025\CanyonlandsAirport\Emri20250508a_02cnynlndssun00030.asd,GPGGA,195535.5,3845.05489,N,10945.11796,W,2,20,0.5,1374.0,M,-13.5,M,,*51

